# JRE version: Java(TM) SE Runtime Environment (11.0.2+9) (build 11.0.2+9-LTS)
# Java VM: Java HotSpot(TM) 64-Bit Server VM (11.0.2+9-LTS, mixed mode, tiered, compressed oops, g1 gc, windows-amd64)
Heap:
 garbage-first heap   total 131072K, used 16891K [0x0000000081e00000, 0x0000000100000000)
  region size 1024K, 9 young (9216K), 1 survivors (1024K)
 Metaspace       used 19066K, capacity 19554K, committed 19712K, reserved 1067008K
  class space    used 2070K, capacity 2259K, committed 2304K, reserved 1048576K
GC Heap History (10 events):
Event: 3.977 GC heap before
{Heap before GC invocations=1 (full 0):
 garbage-first heap   total 131072K, used 21295K [0x0000000081e00000, 0x0000000100000000)
  region size 1024K, 13 young (13312K), 2 survivors (2048K)
 Metaspace       used 17792K, capacity 18269K, committed 18432K, reserved 1064960K
  class space    used 1995K, capacity 2194K, committed 2304K, reserved 1048576K
}
Event: 3.982 GC heap after
{Heap after GC invocations=2 (full 0):
 garbage-first heap   total 131072K, used 9826K [0x0000000081e00000, 0x0000000100000000)
  region size 1024K, 1 young (1024K), 1 survivors (1024K)
 Metaspace       used 17792K, capacity 18269K, committed 18432K, reserved 1064960K
  class space    used 1995K, capacity 2194K, committed 2304K, reserved 1048576K
}
Event: 8.608 GC heap before
{Heap before GC invocations=2 (full 0):
 garbage-first heap   total 131072K, used 39522K [0x0000000081e00000, 0x0000000100000000)
  region size 1024K, 30 young (30720K), 1 survivors (1024K)
 Metaspace       used 18379K, capacity 18846K, committed 19200K, reserved 1067008K
  class space    used 2020K, capacity 2194K, committed 2304K, reserved 1048576K
}
Event: 8.609 GC heap after
{Heap after GC invocations=3 (full 0):
 garbage-first heap   total 131072K, used 9683K [0x0000000081e00000, 0x0000000100000000)
  region size 1024K, 1 young (1024K), 1 survivors (1024K)
 Metaspace       used 18379K, capacity 18846K, committed 19200K, reserved 1067008K
  class space    used 2020K, capacity 2194K, committed 2304K, reserved 1048576K
}
Event: 14.406 GC heap before
{Heap before GC invocations=3 (full 0):
 garbage-first heap   total 131072K, used 57811K [0x0000000081e00000, 0x0000000100000000)
  region size 1024K, 48 young (49152K), 1 survivors (1024K)
 Metaspace       used 18496K, capacity 18974K, committed 19200K, reserved 1067008K
  class space    used 2020K, capacity 2194K, committed 2304K, reserved 1048576K
}
Event: 14.407 GC heap after
{Heap after GC invocations=4 (full 0):
 garbage-first heap   total 131072K, used 9736K [0x0000000081e00000, 0x0000000100000000)
  region size 1024K, 1 young (1024K), 1 survivors (1024K)
 Metaspace       used 18496K, capacity 18974K, committed 19200K, reserved 1067008K
  class space    used 2020K, capacity 2194K, committed 2304K, reserved 1048576K
}
Event: 16.378 GC heap before
{Heap before GC invocations=4 (full 0):
 garbage-first heap   total 131072K, used 74248K [0x0000000081e00000, 0x0000000100000000)
  region size 1024K, 64 young (65536K), 1 survivors (1024K)
 Metaspace       used 18513K, capacity 18974K, committed 19200K, reserved 1067008K
  class space    used 2020K, capacity 2194K, committed 2304K, reserved 1048576K
}
Event: 16.379 GC heap after
{Heap after GC invocations=5 (full 0):
 garbage-first heap   total 131072K, used 9696K [0x0000000081e00000, 0x0000000100000000)
  region size 1024K, 1 young (1024K), 1 survivors (1024K)
 Metaspace       used 18513K, capacity 18974K, committed 19200K, reserved 1067008K
  class space    used 2020K, capacity 2194K, committed 2304K, reserved 1048576K
}
Event: 34.298 GC heap before
{Heap before GC invocations=5 (full 0):
 garbage-first heap   total 131072K, used 85472K [0x0000000081e00000, 0x0000000100000000)
  region size 1024K, 74 young (75776K), 1 survivors (1024K)
 Metaspace       used 19044K, capacity 19554K, committed 19712K, reserved 1067008K
  class space    used 2068K, capacity 2259K, committed 2304K, reserved 1048576K
}
Event: 34.299 GC heap after
{Heap after GC invocations=6 (full 0):
 garbage-first heap   total 131072K, used 9723K [0x0000000081e00000, 0x0000000100000000)
  region size 1024K, 1 young (1024K), 1 survivors (1024K)
 Metaspace       used 19044K, capacity 19554K, committed 19712K, reserved 1067008K
  class space    used 2068K, capacity 2259K, committed 2304K, reserved 1048576K
}

