# JRE version: Java(TM) SE Runtime Environment (11.0.2+9) (build 11.0.2+9-LTS)
# Java VM: Java HotSpot(TM) 64-Bit Server VM (11.0.2+9-LTS, mixed mode, tiered, compressed oops, g1 gc, windows-amd64)
Heap:
 garbage-first heap   total 131072K, used 49572K [0x0000000081e00000, 0x0000000100000000)
  region size 1024K, 41 young (41984K), 1 survivors (1024K)
 Metaspace       used 19093K, capacity 19618K, committed 19712K, reserved 1067008K
  class space    used 2071K, capacity 2259K, committed 2304K, reserved 1048576K
GC Heap History (8 events):
Event: 1.016 GC heap before
{Heap before GC invocations=0 (full 0):
 garbage-first heap   total 131072K, used 18432K [0x0000000081e00000, 0x0000000100000000)
  region size 1024K, 14 young (14336K), 0 survivors (0K)
 Metaspace       used 16793K, capacity 17200K, committed 17536K, reserved 1064960K
  class space    used 1887K, capacity 2095K, committed 2176K, reserved 1048576K
}
Event: 1.021 GC heap after
{Heap after GC invocations=1 (full 0):
 garbage-first heap   total 131072K, used 6961K [0x0000000081e00000, 0x0000000100000000)
  region size 1024K, 2 young (2048K), 2 survivors (2048K)
 Metaspace       used 16793K, capacity 17200K, committed 17536K, reserved 1064960K
  class space    used 1887K, capacity 2095K, committed 2176K, reserved 1048576K
}
Event: 1.759 GC heap before
{Heap before GC invocations=1 (full 0):
 garbage-first heap   total 131072K, used 39729K [0x0000000081e00000, 0x0000000100000000)
  region size 1024K, 31 young (31744K), 2 survivors (2048K)
 Metaspace       used 18009K, capacity 18462K, committed 18688K, reserved 1064960K
  class space    used 2007K, capacity 2194K, committed 2304K, reserved 1048576K
}
Event: 1.763 GC heap after
{Heap after GC invocations=2 (full 0):
 garbage-first heap   total 131072K, used 9764K [0x0000000081e00000, 0x0000000100000000)
  region size 1024K, 3 young (3072K), 3 survivors (3072K)
 Metaspace       used 18009K, capacity 18462K, committed 18688K, reserved 1064960K
  class space    used 2007K, capacity 2194K, committed 2304K, reserved 1048576K
}
Event: 3.089 GC heap before
{Heap before GC invocations=2 (full 0):
 garbage-first heap   total 131072K, used 45604K [0x0000000081e00000, 0x0000000100000000)
  region size 1024K, 39 young (39936K), 3 survivors (3072K)
 Metaspace       used 18335K, capacity 18782K, committed 18944K, reserved 1067008K
  class space    used 2008K, capacity 2194K, committed 2304K, reserved 1048576K
}
Event: 3.093 GC heap after
{Heap after GC invocations=3 (full 0):
 garbage-first heap   total 131072K, used 9825K [0x0000000081e00000, 0x0000000100000000)
  region size 1024K, 1 young (1024K), 1 survivors (1024K)
 Metaspace       used 18335K, capacity 18782K, committed 18944K, reserved 1067008K
  class space    used 2008K, capacity 2194K, committed 2304K, reserved 1048576K
}
Event: 22.888 GC heap before
{Heap before GC invocations=3 (full 0):
 garbage-first heap   total 131072K, used 63073K [0x0000000081e00000, 0x0000000100000000)
  region size 1024K, 52 young (53248K), 1 survivors (1024K)
 Metaspace       used 19038K, capacity 19490K, committed 19712K, reserved 1067008K
  class space    used 2066K, capacity 2259K, committed 2304K, reserved 1048576K
}
Event: 22.889 GC heap after
{Heap after GC invocations=4 (full 0):
 garbage-first heap   total 131072K, used 9636K [0x0000000081e00000, 0x0000000100000000)
  region size 1024K, 1 young (1024K), 1 survivors (1024K)
 Metaspace       used 19038K, capacity 19490K, committed 19712K, reserved 1067008K
  class space    used 2066K, capacity 2259K, committed 2304K, reserved 1048576K
}

